<?xml version="1.0" encoding="UTF-8"?>
<!--
  ~
  ~ The MIT License (MIT)
  ~
  ~ Copyright (c) 2010-2015 Senthil Maruthaiappan
  ~
  ~ Permission is hereby granted, free of charge, to any person obtaining a copy
  ~ of this software and associated documentation files (the "Software"), to deal
  ~ in the Software without restriction, including without limitation the rights
  ~ to use, copy, modify, merge, publish, distribute, sublicense, and/or sell
  ~ copies of the Software, and to permit persons to whom the Software is
  ~ furnished to do so, subject to the following conditions:
  ~
  ~ The above copyright notice and this permission notice shall be included in all
  ~ copies or substantial portions of the Software.
  ~
  ~ THE SOFTWARE IS PROVIDED "AS IS", WITHOUT WARRANTY OF ANY KIND, EXPRESS OR
  ~ IMPLIED, INCLUDING BUT NOT LIMITED TO THE WARRANTIES OF MERCHANTABILITY,
  ~ FITNESS FOR A PARTICULAR PURPOSE AND NONINFRINGEMENT. IN NO EVENT SHALL THE
  ~ AUTHORS OR COPYRIGHT HOLDERS BE LIABLE FOR ANY CLAIM, DAMAGES OR OTHER
  ~ LIABILITY, WHETHER IN AN ACTION OF CONTRACT, TORT OR OTHERWISE, ARISING FROM,
  ~ OUT OF OR IN CONNECTION WITH THE SOFTWARE OR THE USE OR OTHER DEALINGS IN THE
  ~ SOFTWARE.
  ~
  ~
  -->

<beans xmlns:xsi="http://www.w3.org/2001/XMLSchema-instance"
       xmlns="http://www.springframework.org/schema/beans"
       xsi:schemaLocation="http://www.springframework.org/schema/beans
        http://www.springframework.org/schema/beans/spring-beans.xsd">

    <bean id="propertyConfigurer"
          class="org.springframework.beans.factory.config.PropertyPlaceholderConfigurer">
        <property name="location">
            <value>classpath:test.properties</value>
        </property>
    </bean>


    <!--test user -->
    <bean id="TEST_USER_CONTEXT" class="org.qamatic.mintleaf.oracle.OracleDbContext"
          primary="true">
        <constructor-arg>
            <bean class="org.apache.commons.dbcp2.BasicDataSource">
                <property name="url" value="${test_db.url}"/>
                <property name="username" value="${test_db.username}"/>
                <property name="password" value="${test_db.password}"/>
                <property name="validationQuery" value="Select 1 from dual"/>
                <property name="testOnBorrow" value="true"/>
                <property name="testOnReturn" value="true"/>
                <property name="accessToUnderlyingConnectionAllowed">
                    <value>true</value>
                </property>
            </bean>
        </constructor-arg>
    </bean>


    <!--admin user to create test user / schema-->
    <bean id="ADMIN_USER_CONTEXT" class="org.qamatic.mintleaf.oracle.OracleDbContext"
          primary="true">
        <constructor-arg>
            <bean class="org.apache.commons.dbcp2.BasicDataSource">
                <property name="url" value="${admin_db.url}"/>
                <property name="username" value="${admin_db.username}"/>
                <property name="password" value="${admin_db.password}"/>
                <property name="validationQuery" value="Select 1 from dual"/>
                <property name="testOnBorrow" value="true"/>
                <property name="testOnReturn" value="true"/>
                <property name="accessToUnderlyingConnectionAllowed">
                    <value>true</value>
                </property>
            </bean>
        </constructor-arg>
    </bean>


</beans>

        <!--db.url=jdbc:oracle:thin:@<hostname>:1521:TESTORCL-->